ûpһε¼Ҫ
ûpqy½ɹ
ûpqy½ɹ
ûpqy½ɹ
ûpqy½ɹ
¼û
ûpqy½ɹ
ûpһε¼Ҫ
ûp:12345
ûp:12345
2018-12-22 01:42:29 ûp:1
2018-12-22 01:42:49 ûp:1
2018-12-22 01:54:34 ûp:1
2018-12-22 10:17:15 ûpqy½ɹ
2018-12-22 10:17:31 ûpһε¼Ҫ
2018-12-22 10:21:44 ûpһε¼Ҫ
2018-12-22 10:22:41 ûpһε¼Ҫ
2018-12-22 10:24:32 ûpһε¼Ҫ
2018-12-22 10:26:55 ûpһε¼Ҫ
2018-12-22 10:28:39 ûpһε¼Ҫ
2018-12-22 10:29:54 ûpһε¼Ҫ
2018-12-22 10:38:44 ûpһε¼Ҫ
2018-12-22 10:40:28 ûpһε¼Ҫ
2018-12-22 10:42:23 ûpһε¼Ҫ
2018-12-22 10:42:54 ûpһε¼Ҫ
2018-12-22 10:49:56 ûpһε¼Ҫ
2018-12-22 10:54:28 ûpһε¼Ҫ
2018-12-22 10:58:56 ûpһε¼Ҫ
2018-12-22 15:47:50 ¼ûݲ
2018-12-22 16:26:29 ¼ûݲ
2018-12-22 16:26:52 ¼ûݲ
2018-12-22 16:26:57 ¼ûݲ
2018-12-22 16:27:07 ¼ûݲ
2018-12-22 16:31:19 ûpqy:
2018-12-22 16:32:06 ûpqy½ɹ
2018-12-22 16:33:25 ¼ûݲ
2018-12-22 16:33:31 ¼ûݲ
2018-12-22 16:33:33 ¼ûݲ
2018-12-22 16:33:34 ¼ûݲ
2018-12-22 16:33:34 ¼ûݲ
2018-12-22 16:33:34 ¼ûݲ
2018-12-22 16:33:35 ¼ûݲ
2018-12-22 16:33:35 ¼ûݲ
2018-12-22 16:33:35 ¼ûݲ
2018-12-22 16:33:36 ¼ûݲ
2018-12-22 16:33:36 ¼ûݲ
2018-12-22 16:33:36 ¼ûݲ
2018-12-22 16:33:37 ¼ûݲ
2018-12-22 16:33:38 ¼ûݲ
2018-12-22 16:33:38 ¼ûݲ
2018-12-22 16:33:39 ¼ûݲ
2018-12-22 16:33:39 ¼ûݲ
2018-12-22 16:37:08 ûpqy½ɹ
2018-12-22 16:37:57 ûpһε¼Ҫ
2018-12-22 16:49:18 ûpqy½ɹ
2018-12-22 16:49:33 ûpqy½ɹ
2018-12-22 16:49:55 ûpqy½ɹ
2018-12-22 16:50:27 ûpһε¼Ҫ
2018-12-22 17:01:03 ûpqy½ɹ
2018-12-22 17:03:51 ûpqy½ɹ
2018-12-22 17:04:52 ûpqy½ɹ
2018-12-22 17:06:56 ûpqy½ɹ
2018-12-22 17:15:27 ûpqy½ɹ
2018-12-22 17:17:27 ûpqy½ɹ
2018-12-22 21:53:38 ûpqy½ɹ
2018-12-22 21:54:10 ûpqy½ɹ
2018-12-22 22:08:04 ûpqy½ɹ
2018-12-22 22:19:59 ûpqy:12345
2018-12-22 22:20:47 ûpqy:12345
2018-12-22 22:32:28 ûpqy:12345
2018-12-22 22:32:31 ûpqy½ɹ
2018-12-22 22:40:50 ûpqy½ɹ
2018-12-22 23:17:20 ûp½ɹ
2018-12-22 23:19:46 ¼ûa
2018-12-22 23:20:03 ûp:a
2018-12-22 23:21:36 ûp:12345
2018-12-22 23:21:39 ûp½ɹ
2018-12-22 23:23:25 ûpqy:123
2018-12-22 23:23:27 ûpqy½ɹ
2018-12-22 23:29:40 ûpqy½ɹ
2018-12-22 23:30:03 ûpqy½ɹ
2018-12-22 23:36:04 ûpqy½ɹ
2018-12-23 11:09:08 ûpqy½ɹ
2018-12-23 11:18:36 ûpqy½ɹ
2018-12-23 11:18:43 ûpqypqyϢ(null)
2018-12-23 11:24:49 ûpqy½ɹ
2018-12-23 11:24:55 ûpqypqyϢ(null)
2018-12-23 11:26:41 ûpqypqyϢ(null)
2018-12-23 11:33:55 ûpqy½ɹ
2018-12-23 11:33:58 ûpqy޸2018-12-23 11:34:17 ûpqy޸2018-12-23 11:34:19 ûpqy޸2018-12-23 11:34:22 ûpqy޸2018-12-23 11:35:12 ûpqy޸2018-12-23 11:36:47 ûpqy½ɹ
2018-12-23 11:36:49 ûpqy޸2018-12-23 11:37:53 ûpqy½ɹ
2018-12-23 11:37:55 ûpqy޸2018-12-23 11:38:34 ûpqy½ɹ
2018-12-23 11:38:36 ûpqy޸2018-12-23 11:44:44 ûpqy½ɹ
2018-12-23 11:45:33 ¼ûp2
2018-12-23 11:46:01 ûp½ɹ
2018-12-23 11:47:57 ûp½ɹ
2018-12-23 11:54:18 ûp½ɹ
2018-12-23 11:57:43 ûp½ɹ
2018-12-23 11:59:37 ûp½ɹ
2018-12-23 12:03:44 ûp:1234567
2018-12-23 12:03:47 ûp½ɹ
2018-12-23 12:03:59 ûpqy½ɹ
2018-12-23 12:06:44 ûpqy½ɹ
2018-12-23 12:07:21 ûpqy½ɹ
2018-12-23 12:14:16 ûpqy½ɹ
2018-12-23 12:14:28 ûpqy½ɹ
2018-12-23 12:15:38 ûpqy½ɹ
2018-12-23 12:17:01 ûp½ɹ
2018-12-23 12:17:11 ûppϢ(null)
2018-12-23 12:17:34 ûppqyϢ(null)
2018-12-23 12:18:00 ûpqy½ɹ
2018-12-23 12:22:08 ûp½ɹ
2018-12-23 12:22:52 ûp½ɹ
2018-12-23 12:23:29 ûpqy½ɹ
2018-12-23 12:26:20 ûpqy½ɹ
2018-12-23 12:26:23 ûpqyóɹ100,FF000000
2018-12-23 12:26:29 ûpqyóɹ100,00FF0000
2018-12-23 12:26:35 ûpqyóɹ110,00FF0000
2018-12-23 12:27:46 ûp½ɹ
2018-12-23 12:27:52 ûppϢ(null)
2018-12-23 12:28:01 ûpqy½ɹ
2018-12-23 12:28:30 ûpqyóɹ100,FF000000
2018-12-23 12:28:38 ûpqyóɹ100,00FF0000
2018-12-23 12:28:41 ûp½ɹ
2018-12-23 12:28:51 ûppqyϢ(null)
2018-12-23 12:30:09 ûp½ɹ
2018-12-23 12:31:02 ûpqy½ɹ
2018-12-23 12:31:10 ûpqyóɹ100,FF000000
2018-12-23 12:31:58 ûp½ɹ
2018-12-23 12:31:59 ûpqy½ɹ
2018-12-23 12:36:05 ûpqy½ɹ
2018-12-23 12:37:14 ûp½ɹ
2018-12-23 12:37:55 ûp½ɹ
2018-12-23 12:38:23 ûpqy½ɹ
2018-12-23 12:38:27 ûppqyϢ(null)
2018-12-23 12:39:55 ûpqy½ɹ
2018-12-23 12:40:03 ûp½ɹ
2018-12-23 12:40:43 ûpqy½ɹ
2018-12-23 12:41:04 ûp½ɹ
2018-12-23 12:41:56 ûpqy½ɹ
2018-12-23 12:43:09 ûpqy½ɹ
2018-12-23 12:43:17 ûpqyóɹ100,FF000000
2018-12-23 12:44:12 ûp½ɹ
2018-12-23 12:44:16 ûpqyóɹ100,00FF0000
2018-12-23 12:44:24 ûppϢ(null)
2018-12-23 12:44:49 ûp½ɹ
2018-12-23 12:44:54 ûppϢ(null)
2018-12-23 12:45:34 ûpqy½ɹ
2018-12-23 12:45:43 ûpqyóɹ100,FF000000
2018-12-23 12:45:44 ûp½ɹ
2018-12-23 12:45:52 ûppϢ(null)
2018-12-23 12:45:54 ûpqyóɹ100,00FF0000
2018-12-23 12:46:07 ûpqyóɹ100,0000FF00
2018-12-23 12:46:12 ûppqyϢ(null)
2018-12-23 12:46:15 ûppqyϢ(null)
2018-12-23 12:46:24 ûppqyϢ(null)
2018-12-23 12:46:51 ûpqyóɹ100,00FF0000
2018-12-23 12:46:56 ûpqyóɹ100,0000FF00
2018-12-23 12:47:17 ûpqyóɹ100,00FF0000
2018-12-23 12:47:31 ûpqyóɹ100,FF000000
2018-12-23 12:53:01 ûp½ɹ
2018-12-23 12:53:17 ûppϢqwer
2018-12-23 12:53:29 ûppqyϢhello
2018-12-23 12:53:46 ûpqy½ɹ
2018-12-23 12:53:51 ûpqyóɹ100,00FF0000
2018-12-23 12:55:55 һն˵¼ûpǿ
2018-12-23 12:55:55 ûp½ɹ
2018-12-23 12:56:01 ûp½ɹ
2018-12-23 12:58:22 һն˵¼ûpǿ
2018-12-23 12:58:22 ûp½ɹ
2018-12-23 12:58:43 ûp½ɹ
2018-12-23 12:59:12 һն˵¼ûpǿ
2018-12-23 12:59:12 ûp½ɹ
2018-12-23 13:02:13 ûp½ɹ
2018-12-23 13:05:36 ûp½ɹ
2018-12-23 13:05:48 ûppqyϢsdfdg
2018-12-23 13:06:22 ûp½ɹ
2018-12-23 13:10:05 ûp½ɹ
2018-12-23 13:10:16 ûppqyϢasdasvx
2018-12-23 13:16:44 ûp½ɹ
2018-12-23 13:16:49 ûppqyϢasdf
2018-12-23 13:17:22 ûp½ɹ
2018-12-23 13:17:35 ûpallϢasdbvc
2018-12-23 13:20:40 ûpqy½ɹ
2018-12-23 13:21:10 һն˵¼ûpqyǿ
2018-12-23 13:21:10 ûpqy½ɹ
2018-12-23 13:21:20 ûpqy½ɹ
2018-12-23 13:24:13 ûpqy½ɹ
2018-12-23 13:27:21 ûpqy½ɹ
2018-12-23 13:30:21 ûpqy½ɹ
2018-12-23 13:30:22 һն˵¼ûpqyǿ
2018-12-23 13:30:22 ûpqy½ɹ
2018-12-23 13:31:05 һն˵¼ûpqyǿ
2018-12-23 13:31:05 ûpqy½ɹ
2018-12-23 13:31:23 ûpqy½ɹ
2018-12-23 13:34:18 ûpqy½ɹ
2018-12-23 13:34:22 ûpqyóɹ100,FF000000
2018-12-23 13:34:40 ûpqyóɹ120,FF000000
2018-12-23 13:35:10 ûpqy½ɹ
2018-12-23 13:35:19 ûp½ɹ
2018-12-23 13:35:53 ûp½ɹ
2018-12-23 13:35:58 ûppϢasdasf
2018-12-23 13:36:11 ûppqyϢcbxb
2018-12-23 13:36:26 ûpqy½ɹ
2018-12-23 13:36:34 ûppqyϢvcx
2018-12-23 13:37:22 ûpqy½ɹ
2018-12-23 13:38:30 ûpqy½ɹ
2018-12-23 13:38:39 ûp½ɹ
2018-12-23 13:40:17 ûpqy½ɹ
2018-12-23 13:43:46 ûpqy½ɹ
2018-12-23 13:44:50 ûp½ɹ
2018-12-23 13:45:19 ûpqyóɹ100,FF000000
2018-12-23 13:45:23 ûp½ɹ
2018-12-23 13:46:36 ûpqyóɹ110,FF000000
2018-12-23 13:46:51 ûpqy½ɹ
2018-12-23 13:46:57 ûp½ɹ
2018-12-23 13:47:39 ûpqyóɹ100,00FF0000
2018-12-23 13:47:41 ûpqyóɹ120,00FF0000
2018-12-23 13:48:13 ûpqy½ɹ
2018-12-23 13:53:44 ûp½ɹ
2018-12-23 13:54:08 ûpqy½ɹ
2018-12-23 13:54:11 һն˵¼ûpqyǿ
2018-12-23 13:54:11 ûpqy½ɹ
2018-12-23 13:57:14 ûpqy½ɹ
2018-12-23 13:57:56 һն˵¼ûpqyǿ
2018-12-23 13:57:56 ûpqy½ɹ
2018-12-23 13:59:34 ûpqy½ɹ
2018-12-23 13:59:36 һն˵¼ûpqyǿ
2018-12-23 13:59:36 ûpqy½ɹ
2018-12-23 14:01:04 ûpqyóɹ100,FF0000CD
2018-12-23 14:01:42 ûpqy½ɹ
2018-12-23 14:01:59 ûpqyóɹ100,FF0000CD
2018-12-23 14:04:14 ûpqy½ɹ
2018-12-23 14:04:28 һն˵¼ûpqyǿ
2018-12-23 14:04:28 ûpqy½ɹ
2018-12-23 14:13:54 ûpqy½ɹ
2018-12-23 14:13:55 һն˵¼ûpqyǿ
2018-12-23 14:13:55 ûpqy½ɹ
2018-12-23 14:22:21 ûpqy:1234567
2018-12-23 14:22:25 ûpqy½ɹ
2018-12-23 14:22:47 ûpqyóɹ100,FF0000CD
2018-12-23 14:22:53 ûpqyóɹ120,FF0000CD
2018-12-23 14:22:58 ûpqyóɹ120,00FF00CD
2018-12-23 14:25:33 ûpqy½ɹ
2018-12-23 14:25:37 һն˵¼ûpqyǿ
2018-12-23 14:25:37 ûpqy½ɹ
2018-12-23 14:26:09 ûpqy½ɹ
2018-12-23 14:27:46 ûp½ɹ
2018-12-23 14:28:08 ûp½ɹ
2018-12-23 14:29:28 ûp½ɹ
2018-12-23 14:31:11 ûp½ɹ
2018-12-23 14:31:56 һն˵¼ûpǿ
2018-12-23 14:31:56 ûp½ɹ
2018-12-23 14:32:19 ûp½ɹ
2018-12-23 14:32:26 ûpqy½ɹ
2018-12-23 14:34:01 ûpqyóɹ100,0000FFCD
2018-12-23 14:34:48 һն˵¼ûpqyǿ
2018-12-23 14:34:48 ûpqy½ɹ
2018-12-23 14:34:56 ûp½ɹ
2018-12-23 14:35:49 ûpqy½ɹ
2018-12-23 14:35:53 ûpqyóɹ100,FF0000CD
2018-12-23 14:36:26 ûpqy½ɹ
2018-12-23 14:36:38 ûpqyóɹ100,00FF00CD
2018-12-23 14:38:34 ûp½ɹ
2018-12-23 14:38:54 ûppϢ123
2018-12-23 14:39:14 ûpóɹ100,FF000000
2018-12-23 14:40:14 ûp½ɹ
2018-12-23 14:42:01 ûp½ɹ
2018-12-23 14:42:03 һն˵¼ûpǿ
2018-12-23 14:42:03 ûp½ɹ
2018-12-23 14:42:23 ûpqy½ɹ
2018-12-23 15:05:02 ûp½ɹ
2018-12-23 15:05:14 ûppqyϢasdf

2018-12-23 15:07:15 ûpqy½ɹ
2018-12-23 15:08:12 ûpqy½ɹ
2018-12-23 15:16:59 ûp½ɹ
2018-12-23 15:17:36 ûpqy½ɹ
2018-12-23 15:17:55 ûpqy½ɹ
2018-12-23 15:18:09 ¼ûdf
2018-12-23 15:18:20 ûp:fff
2018-12-23 15:18:54 ûp½ɹ
2018-12-23 15:22:23 ûpqy½ɹ
2018-12-23 15:27:44 ûp½ɹ
2018-12-23 15:27:56 ûp½ɹ
2018-12-23 15:28:10 ¼ûpyq
2018-12-23 15:28:17 ûpqy½ɹ
2018-12-23 15:29:31 ûpqy½ɹ
2018-12-23 15:30:34 ûp½ɹ
2018-12-23 15:31:44 ûpqy½ɹ
2018-12-23 15:31:55 ûp2һε¼Ҫ
2018-12-23 15:32:43 ûp3һε¼Ҫ
2018-12-23 15:36:17 ûp½ɹ
2018-12-23 15:36:41 һն˵¼ûpǿ
2018-12-23 15:36:41 ûp½ɹ
2018-12-23 15:37:10 ûp2:123456
2018-12-23 15:37:14 ûp2:12345678
2018-12-23 15:37:17 ûp3½ɹ
2018-12-23 15:37:31 ûp3pϢhello
2018-12-23 15:37:53 һն˵¼ûpǿ
2018-12-23 15:37:53 ûp½ɹ
2018-12-23 15:38:45 ûpp3Ϣhi
2018-12-23 15:39:04 ûp2½ɹ
2018-12-23 15:39:33 ûpp3Ϣaaa
2018-12-23 15:39:50 ûpallϢbbb
2018-12-23 15:42:27 ûpóɹ110,00000000
2018-12-23 15:44:06 ûp½ɹ
2018-12-23 15:44:26 ûpóɹ110,00000000
2018-12-23 15:44:45 ûp:qwer
2018-12-23 15:44:50 ûp½ɹ
2018-12-23 15:47:03 ûpóɹ100,FF000000
2018-12-23 15:47:52 ûp½ɹ
2018-12-23 15:52:36 ûp:qwer
2018-12-23 15:52:42 ûp½ɹ
2018-12-23 15:52:54 ûppqyϢ12
2018-12-23 15:54:18 ûp½ɹ
2018-12-23 15:54:38 ûp3:12345678
2018-12-23 15:54:40 ûppqyϢ456
2018-12-23 15:54:56 ûp3:12345678
2018-12-23 15:54:59 ûp3:1234567
2018-12-23 15:55:04 ûp3һε¼Ҫ
2018-12-23 15:55:26 ûp2һε¼Ҫ
2018-12-23 15:56:04 ûp2:123456
2018-12-23 15:56:22 ûp2:123456
2018-12-23 15:56:27 ûp2½ɹ
2018-12-23 15:57:10 ûp2½ɹ
2018-12-23 16:01:50 ûpqy½ɹ
2018-12-23 16:02:24 ûp2:123456
2018-12-23 16:03:51 ûp2½ɹ
2018-12-23 16:03:52 ûpqy½ɹ
2018-12-23 16:04:02 ûpqyp,p2,Ϣ123456
2018-12-23 16:04:04 ûp½ɹ
2018-12-23 16:04:08 ûp2½ɹ
2018-12-23 16:04:22 ûpqyp,p2,Ϣasdf
2018-12-23 16:04:49 ûppqy,p2,Ϣhello
2018-12-23 16:15:49 ûp½ɹ
2018-12-23 16:15:51 ûpqy½ɹ
2018-12-23 16:15:51 ûp3:12345678
2018-12-23 16:15:56 ûp3½ɹ
2018-12-23 16:15:59 ûpallϢnihao
2018-12-23 16:19:02 ûp½ɹ
2018-12-23 16:19:04 ûp3½ɹ
2018-12-23 16:19:08 ûpqy½ɹ
2018-12-23 16:19:10 ûpallϢnihao

2018-12-23 16:19:47 ûp3allϢ123
2018-12-23 16:21:34 ûpqy½ɹ
2018-12-23 16:21:34 ûp3½ɹ
2018-12-23 16:21:53 ûp½ɹ
2018-12-23 16:22:13 ûp3óɹ100,FF000000
2018-12-23 16:23:48 ûpqy½ɹ
2018-12-23 16:23:53 ûp3½ɹ
2018-12-23 16:27:02 ûpqy½ɹ
2018-12-23 16:27:33 ûp3½ɹ
2018-12-23 16:27:34 ûp3½ɹ
2018-12-23 16:28:04 ûpqy½ɹ
2018-12-23 16:28:13 ûp3ûϢll:123
2018-12-23 16:28:37 ûp3ûϢll:123
2018-12-23 16:30:24 ûpqy½ɹ
2018-12-23 16:30:24 ûp3½ɹ
2018-12-23 16:30:31 ûp3ûϢ123
2018-12-23 16:30:54 ûp2:123456
2018-12-23 16:30:57 ûp2½ɹ
2018-12-23 16:31:04 ûp3ûϢ12345
2018-12-23 16:31:04 ûp3ûϢ12345
2018-12-23 16:31:43 ûpqyûϢtest
2018-12-23 16:31:43 ûpqyûϢtest
2018-12-23 16:31:57 ûp½ɹ
2018-12-23 16:32:05 ûpqyûϢtesttest
2018-12-23 16:32:05 ûpqyûϢtesttest
2018-12-23 16:32:05 ûpqyûϢtesttest
2018-12-24 20:29:57 һն˵¼ûpǿ
2018-12-24 20:29:57 ûp½ɹ
2018-12-24 21:58:12 ûp½ɹ
2018-12-25 23:31:17 ûpqy¼ʱڲ
2018-12-25 23:32:30 ûpqy½ɹ
2018-12-25 23:32:57 ûp½ɹ
2018-12-25 23:34:10 ûp½ɹ
